02/02/2024 05:22:37 15 Agents initialized.
02/02/2024 05:22:38 Round 10 of random moving activated
02/02/2024 05:22:38 Agents that should have been fought:
02/02/2024 05:22:39 Round 9 of random moving activated
02/02/2024 05:22:39 Agent 12 and Agent 13 had fought
02/02/2024 05:22:39 Agent 13 and Agent 12 had fought
02/02/2024 05:22:39 Agents that should have been fought:
02/02/2024 05:22:39 12
02/02/2024 05:22:39 13
02/02/2024 05:22:40 Round 8 of random moving activated
02/02/2024 05:22:40 Agents that should have been fought:
02/02/2024 05:22:41 Round 7 of random moving activated
02/02/2024 05:22:41 Agent 8 and Agent 14 had fought
02/02/2024 05:22:41 Agent 14 and Agent 8 had fought
02/02/2024 05:22:41 Agents that should have been fought:
02/02/2024 05:22:41 8
02/02/2024 05:22:41 14
02/02/2024 05:22:42 Round 6 of random moving activated
02/02/2024 05:22:42 Agents that should have been fought:
02/02/2024 05:22:43 Round 5 of random moving activated
02/02/2024 05:22:43 Agent 4 and Agent 13 had fought
02/02/2024 05:22:43 Agent 13 and Agent 4 had fought
02/02/2024 05:22:43 Agents that should have been fought:
02/02/2024 05:22:43 4
02/02/2024 05:22:43 13
02/02/2024 05:22:44 Round 4 of random moving activated
02/02/2024 05:22:44 Agent 4 and Agent 13 had fought
02/02/2024 05:22:44 Agent 13 and Agent 4 had fought
02/02/2024 05:22:44 Agents that should have been fought:
02/02/2024 05:22:44 4
02/02/2024 05:22:44 13
02/02/2024 05:22:45 Round 3 of random moving activated
02/02/2024 05:22:45 Agent 4 and Agent 13 had fought
02/02/2024 05:22:45 Agent 12 and Agent 13 had fought
02/02/2024 05:22:45 Agent 13 and Agent 12 had fought
02/02/2024 05:22:45 Agents that should have been fought:
02/02/2024 05:22:45 4
02/02/2024 05:22:45 13
02/02/2024 05:22:45 12
02/02/2024 05:22:46 Round 2 of random moving activated
02/02/2024 05:22:46 Agent 4 and Agent 13 had fought
02/02/2024 05:22:46 Agent 12 and Agent 13 had fought
02/02/2024 05:22:46 Agent 13 and Agent 12 had fought
02/02/2024 05:22:46 Agent 8 and Agent 14 had fought
02/02/2024 05:22:46 Agent 14 and Agent 8 had fought
02/02/2024 05:22:46 Agents that should have been fought:
02/02/2024 05:22:46 4
02/02/2024 05:22:46 13
02/02/2024 05:22:46 12
02/02/2024 05:22:46 8
02/02/2024 05:22:46 14
02/02/2024 05:22:47 Round 1 of random moving activated
02/02/2024 05:22:47 Agent 4 and Agent 13 had fought
02/02/2024 05:22:47 Agent 8 and Agent 14 had fought
02/02/2024 05:22:47 Agent 13 and Agent 4 had fought
02/02/2024 05:22:47 Agent 14 and Agent 8 had fought
02/02/2024 05:22:47 Agents that should have been fought:
02/02/2024 05:22:47 4
02/02/2024 05:22:47 13
02/02/2024 05:22:47 8
02/02/2024 05:22:47 14
02/02/2024 05:26:35 15 Agents initialized.
02/02/2024 05:26:36 Round 10 of random moving activated
02/02/2024 05:26:36 Agent 14 and Agent 15 had fought
02/02/2024 05:26:36 Agents that should have been fought:
02/02/2024 05:26:36 14
02/02/2024 05:26:36 15
02/02/2024 05:26:37 Round 9 of random moving activated
02/02/2024 05:26:37 Agent 8 and Agent 10 had fought
02/02/2024 05:26:37 Agents that should have been fought:
02/02/2024 05:26:37 8
02/02/2024 05:26:37 10
02/02/2024 05:26:38 Round 8 of random moving activated
02/02/2024 05:26:38 Agent 8 and Agent 10 had fought
02/02/2024 05:26:38 Agent 14 and Agent 15 had fought
02/02/2024 05:26:38 Agents that should have been fought:
02/02/2024 05:26:38 8
02/02/2024 05:26:38 10
02/02/2024 05:26:38 14
02/02/2024 05:26:38 15
02/02/2024 05:26:39 Round 7 of random moving activated
02/02/2024 05:26:39 Agents that should have been fought:
02/02/2024 05:26:40 Round 6 of random moving activated
02/02/2024 05:26:40 Agents that should have been fought:
02/02/2024 05:26:41 Round 5 of random moving activated
02/02/2024 05:26:41 Agent 15 and Agent 9 had fought
02/02/2024 05:26:41 Agent 1 and Agent 8 had fought
02/02/2024 05:26:41 Agent 10 and Agent 1 had fought
02/02/2024 05:26:41 Agents that should have been fought:
02/02/2024 05:26:41 15
02/02/2024 05:26:41 9
02/02/2024 05:26:41 1
02/02/2024 05:26:41 8
02/02/2024 05:26:41 10
02/02/2024 05:26:42 Round 4 of random moving activated
02/02/2024 05:26:42 Agent 1 and Agent 8 had fought
02/02/2024 05:26:42 Agents that should have been fought:
02/02/2024 05:26:42 1
02/02/2024 05:26:42 8
02/02/2024 05:26:43 Round 3 of random moving activated
02/02/2024 05:26:43 Agents that should have been fought:
02/02/2024 05:26:44 Round 2 of random moving activated
02/02/2024 05:26:44 Agent 15 and Agent 9 had fought
02/02/2024 05:26:44 Agents that should have been fought:
02/02/2024 05:26:44 15
02/02/2024 05:26:44 9
02/02/2024 05:26:45 Round 1 of random moving activated
02/02/2024 05:26:45 Agent 15 and Agent 9 had fought
02/02/2024 05:26:45 Agents that should have been fought:
02/02/2024 05:26:45 15
02/02/2024 05:26:45 9
02/02/2024 05:36:09 15 Agents initialized.
02/02/2024 05:36:10 Round 10 of random moving activated
02/02/2024 05:36:10 Agent 2 and Agent 14 had fought
02/02/2024 05:36:10 Agents that should have been fought:
02/02/2024 05:36:10 2
02/02/2024 05:36:10 14
02/02/2024 05:36:11 Round 9 of random moving activated
02/02/2024 05:36:11 Agent 2 and Agent 14 had fought
02/02/2024 05:36:11 Agents that should have been fought:
02/02/2024 05:36:11 2
02/02/2024 05:36:11 14
02/02/2024 05:36:12 Round 8 of random moving activated
02/02/2024 05:36:12 Agent 2 and Agent 14 had fought
02/02/2024 05:36:12 Agent 11 and Agent 15 had fought
02/02/2024 05:36:12 Agents that should have been fought:
02/02/2024 05:36:12 2
02/02/2024 05:36:12 14
02/02/2024 05:36:12 11
02/02/2024 05:36:12 15
02/02/2024 05:36:13 Round 7 of random moving activated
02/02/2024 05:36:13 Agents that should have been fought:
02/02/2024 05:36:14 Round 6 of random moving activated
02/02/2024 05:36:14 Agents that should have been fought:
02/02/2024 05:36:15 Round 5 of random moving activated
02/02/2024 05:36:15 Agent 11 and Agent 15 had fought
02/02/2024 05:36:15 Agents that should have been fought:
02/02/2024 05:36:15 11
02/02/2024 05:36:15 15
02/02/2024 05:36:16 Round 4 of random moving activated
02/02/2024 05:36:16 Agent 8 and Agent 11 had fought
02/02/2024 05:36:16 Agents that should have been fought:
02/02/2024 05:36:16 8
02/02/2024 05:36:16 11
02/02/2024 05:36:17 Round 3 of random moving activated
02/02/2024 05:36:17 Agent 2 and Agent 7 had fought
02/02/2024 05:36:17 Agent 8 and Agent 11 had fought
02/02/2024 05:36:17 Agents that should have been fought:
02/02/2024 05:36:17 2
02/02/2024 05:36:17 7
02/02/2024 05:36:17 8
02/02/2024 05:36:17 11
02/02/2024 05:36:18 Round 2 of random moving activated
02/02/2024 05:36:18 Agents that should have been fought:
02/02/2024 05:36:19 Round 1 of random moving activated
02/02/2024 05:36:19 Agents that should have been fought:
